Welcome to morning.star.sample
 Project properties are loaded. Log file generated for this run = executionLogs/log_infoLevel_report_1520998266894.log
 Number of training samples = 120
 Number of testing samples = 30


=============================== 0 =====================================
Sample = 5.4 3.9 1.7 0.4 Iris-setosa
Model = ClassId = Iris-versicolor
Mean Vector => 6.018421052631577 2.7921052631578953 4.3052631578947365 1.344736842105263 
StdDev Vector => 0.4988699140414604 0.29053632705863164 0.4436376950081372 0.18309814512419958 
PDF Score = 0.371835112238127
------------------------------------------------------
Sample = 5.4 3.9 1.7 0.4 Iris-setosa
Model = ClassId = Iris-virginica
Mean Vector => 6.6390243902439 2.982926829268292 5.580487804878048 2.014634146341463 
StdDev Vector => 0.6219081764158765 0.3215074546982259 0.5679314250064136 0.27898857010397665 
PDF Score = 0.10939061433229659
------------------------------------------------------
Sample = 5.4 3.9 1.7 0.4 Iris-setosa
Model = ClassId = Iris-setosa
Mean Vector => 4.9975609756097565 3.426829268292683 1.4463414634146337 0.22926829268292678 
StdDev Vector => 0.34675344785459344 0.35887656023322334 0.17404451487718314 0.1017982280717522 
PDF Score = 2.8054924999892954
------------------------------------------------------
Predicted classId = Iris-setosa
========================================================================


=============================== 1 =====================================
Sample = 4.6 3.4 1.4 0.3 Iris-setosa
Model = ClassId = Iris-versicolor
Mean Vector => 6.018421052631577 2.7921052631578953 4.3052631578947365 1.344736842105263 
StdDev Vector => 0.4988699140414604 0.29053632705863164 0.4436376950081372 0.18309814512419958 
PDF Score = 0.16788808623549306
------------------------------------------------------
Sample = 4.6 3.4 1.4 0.3 Iris-setosa
Model = ClassId = Iris-virginica
Mean Vector => 6.6390243902439 2.982926829268292 5.580487804878048 2.014634146341463 
StdDev Vector => 0.6219081764158765 0.3215074546982259 0.5679314250064136 0.27898857010397665 
PDF Score = 0.5378992156139348
------------------------------------------------------
Sample = 4.6 3.4 1.4 0.3 Iris-setosa
Model = ClassId = Iris-setosa
Mean Vector => 4.9975609756097565 3.426829268292683 1.4463414634146337 0.22926829268292678 
StdDev Vector => 0.34675344785459344 0.35887656023322334 0.17404451487718314 0.1017982280717522 
PDF Score = 6.9956460124740705
------------------------------------------------------
Predicted classId = Iris-setosa
========================================================================


=============================== 2 =====================================
Sample = 5.0 3.4 1.5 0.2 Iris-setosa
Model = ClassId = Iris-versicolor
Mean Vector => 6.018421052631577 2.7921052631578953 4.3052631578947365 1.344736842105263 
StdDev Vector => 0.4988699140414604 0.29053632705863164 0.4436376950081372 0.18309814512419958 
PDF Score = 0.25337429451221083
------------------------------------------------------
Sample = 5.0 3.4 1.5 0.2 Iris-setosa
Model = ClassId = Iris-virginica
Mean Vector => 6.6390243902439 2.982926829268292 5.580487804878048 2.014634146341463 
StdDev Vector => 0.6219081764158765 0.3215074546982259 0.5679314250064136 0.27898857010397665 
PDF Score = 0.5548317807473958
------------------------------------------------------
Sample = 5.0 3.4 1.5 0.2 Iris-setosa
Model = ClassId = Iris-setosa
Mean Vector => 4.9975609756097565 3.426829268292683 1.4463414634146337 0.22926829268292678 
StdDev Vector => 0.34675344785459344 0.35887656023322334 0.17404451487718314 0.1017982280717522 
PDF Score = 8.205090223424698
------------------------------------------------------
Predicted classId = Iris-setosa
========================================================================


=============================== 3 =====================================
Sample = 5.7 3.8 1.7 0.3 Iris-setosa
Model = ClassId = Iris-versicolor
Mean Vector => 6.018421052631577 2.7921052631578953 4.3052631578947365 1.344736842105263 
StdDev Vector => 0.4988699140414604 0.29053632705863164 0.4436376950081372 0.18309814512419958 
PDF Score = 0.6556575581898043
------------------------------------------------------
Sample = 5.7 3.8 1.7 0.3 Iris-setosa
Model = ClassId = Iris-virginica
Mean Vector => 6.6390243902439 2.982926829268292 5.580487804878048 2.014634146341463 
StdDev Vector => 0.6219081764158765 0.3215074546982259 0.5679314250064136 0.27898857010397665 
PDF Score = 0.2542946949182379
------------------------------------------------------
Sample = 5.7 3.8 1.7 0.3 Iris-setosa
Model = ClassId = Iris-setosa
Mean Vector => 4.9975609756097565 3.426829268292683 1.4463414634146337 0.22926829268292678 
StdDev Vector => 0.34675344785459344 0.35887656023322334 0.17404451487718314 0.1017982280717522 
PDF Score = 4.666224935507259
------------------------------------------------------
Predicted classId = Iris-setosa
========================================================================


=============================== 4 =====================================
Sample = 5.1 3.7 1.5 0.4 Iris-setosa
Model = ClassId = Iris-versicolor
Mean Vector => 6.018421052631577 2.7921052631578953 4.3052631578947365 1.344736842105263 
StdDev Vector => 0.4988699140414604 0.29053632705863164 0.4436376950081372 0.18309814512419958 
PDF Score = 0.15728424338626745
------------------------------------------------------
Sample = 5.1 3.7 1.5 0.4 Iris-setosa
Model = ClassId = Iris-virginica
Mean Vector => 6.6390243902439 2.982926829268292 5.580487804878048 2.014634146341463 
StdDev Vector => 0.6219081764158765 0.3215074546982259 0.5679314250064136 0.27898857010397665 
PDF Score = 0.13318163292405688
------------------------------------------------------
Sample = 5.1 3.7 1.5 0.4 Iris-setosa
Model = ClassId = Iris-setosa
Mean Vector => 4.9975609756097565 3.426829268292683 1.4463414634146337 0.22926829268292678 
StdDev Vector => 0.34675344785459344 0.35887656023322334 0.17404451487718314 0.1017982280717522 
PDF Score = 5.079436647693415
------------------------------------------------------
Predicted classId = Iris-setosa
========================================================================


=============================== 5 =====================================
Sample = 5.1 3.3 1.7 0.5 Iris-setosa
Model = ClassId = Iris-versicolor
Mean Vector => 6.018421052631577 2.7921052631578953 4.3052631578947365 1.344736842105263 
StdDev Vector => 0.4988699140414604 0.29053632705863164 0.4436376950081372 0.18309814512419958 
PDF Score = 0.4448594714429566
------------------------------------------------------
Sample = 5.1 3.3 1.7 0.5 Iris-setosa
Model = ClassId = Iris-virginica
Mean Vector => 6.6390243902439 2.982926829268292 5.580487804878048 2.014634146341463 
StdDev Vector => 0.6219081764158765 0.3215074546982259 0.5679314250064136 0.27898857010397665 
PDF Score = 0.7930099548073696
------------------------------------------------------
Sample = 5.1 3.3 1.7 0.5 Iris-setosa
Model = ClassId = Iris-setosa
Mean Vector => 4.9975609756097565 3.426829268292683 1.4463414634146337 0.22926829268292678 
StdDev Vector => 0.34675344785459344 0.35887656023322334 0.17404451487718314 0.1017982280717522 
PDF Score = 3.05234089739011
------------------------------------------------------
Predicted classId = Iris-setosa
========================================================================


=============================== 6 =====================================
Sample = 5.2 3.5 1.5 0.2 Iris-setosa
Model = ClassId = Iris-versicolor
Mean Vector => 6.018421052631577 2.7921052631578953 4.3052631578947365 1.344736842105263 
StdDev Vector => 0.4988699140414604 0.29053632705863164 0.4436376950081372 0.18309814512419958 
PDF Score = 0.27877155021523464
------------------------------------------------------
Sample = 5.2 3.5 1.5 0.2 Iris-setosa
Model = ClassId = Iris-virginica
Mean Vector => 6.6390243902439 2.982926829268292 5.580487804878048 2.014634146341463 
StdDev Vector => 0.6219081764158765 0.3215074546982259 0.5679314250064136 0.27898857010397665 
PDF Score = 0.3845643157637714
------------------------------------------------------
Sample = 5.2 3.5 1.5 0.2 Iris-setosa
Model = ClassId = Iris-setosa
Mean Vector => 4.9975609756097565 3.426829268292683 1.4463414634146337 0.22926829268292678 
StdDev Vector => 0.34675344785459344 0.35887656023322334 0.17404451487718314 0.1017982280717522 
PDF Score = 8.005082615276612
------------------------------------------------------
Predicted classId = Iris-setosa
========================================================================


=============================== 7 =====================================
Sample = 4.8 3.1 1.6 0.2 Iris-setosa
Model = ClassId = Iris-versicolor
Mean Vector => 6.018421052631577 2.7921052631578953 4.3052631578947365 1.344736842105263 
StdDev Vector => 0.4988699140414604 0.29053632705863164 0.4436376950081372 0.18309814512419958 
PDF Score = 0.8236553279984367
------------------------------------------------------
Sample = 4.8 3.1 1.6 0.2 Iris-setosa
Model = ClassId = Iris-virginica
Mean Vector => 6.6390243902439 2.982926829268292 5.580487804878048 2.014634146341463 
StdDev Vector => 0.6219081764158765 0.3215074546982259 0.5679314250064136 0.27898857010397665 
PDF Score = 1.1693490821715717
------------------------------------------------------
Sample = 4.8 3.1 1.6 0.2 Iris-setosa
Model = ClassId = Iris-setosa
Mean Vector => 4.9975609756097565 3.426829268292683 1.4463414634146337 0.22926829268292678 
StdDev Vector => 0.34675344785459344 0.35887656023322334 0.17404451487718314 0.1017982280717522 
PDF Score = 7.025067609052101
------------------------------------------------------
Predicted classId = Iris-setosa
========================================================================


=============================== 8 =====================================
Sample = 4.5 2.3 1.3 0.3 Iris-setosa
Model = ClassId = Iris-versicolor
Mean Vector => 6.018421052631577 2.7921052631578953 4.3052631578947365 1.344736842105263 
StdDev Vector => 0.4988699140414604 0.29053632705863164 0.4436376950081372 0.18309814512419958 
PDF Score = 0.33492646276107324
------------------------------------------------------
Sample = 4.5 2.3 1.3 0.3 Iris-setosa
Model = ClassId = Iris-virginica
Mean Vector => 6.6390243902439 2.982926829268292 5.580487804878048 2.014634146341463 
StdDev Vector => 0.6219081764158765 0.3215074546982259 0.5679314250064136 0.27898857010397665 
PDF Score = 0.131735389862429
------------------------------------------------------
Sample = 4.5 2.3 1.3 0.3 Iris-setosa
Model = ClassId = Iris-setosa
Mean Vector => 4.9975609756097565 3.426829268292683 1.4463414634146337 0.22926829268292678 
StdDev Vector => 0.34675344785459344 0.35887656023322334 0.17404451487718314 0.1017982280717522 
PDF Score = 5.107103113294595
------------------------------------------------------
Predicted classId = Iris-setosa
========================================================================


=============================== 9 =====================================
Sample = 4.9 2.4 3.3 1.0 Iris-versicolor
Model = ClassId = Iris-versicolor
Mean Vector => 6.018421052631577 2.7921052631578953 4.3052631578947365 1.344736842105263 
StdDev Vector => 0.4988699140414604 0.29053632705863164 0.4436376950081372 0.18309814512419958 
PDF Score = 1.0563475454786746
------------------------------------------------------
Sample = 4.9 2.4 3.3 1.0 Iris-versicolor
Model = ClassId = Iris-virginica
Mean Vector => 6.6390243902439 2.982926829268292 5.580487804878048 2.014634146341463 
StdDev Vector => 0.6219081764158765 0.3215074546982259 0.5679314250064136 0.27898857010397665 
PDF Score = 0.2548192921067077
------------------------------------------------------
Sample = 4.9 2.4 3.3 1.0 Iris-versicolor
Model = ClassId = Iris-setosa
Mean Vector => 4.9975609756097565 3.426829268292683 1.4463414634146337 0.22926829268292678 
StdDev Vector => 0.34675344785459344 0.35887656023322334 0.17404451487718314 0.1017982280717522 
PDF Score = 1.124405130988731
------------------------------------------------------
Predicted classId = Iris-setosa
========================================================================


=============================== 10 =====================================
Sample = 5.0 2.0 3.5 1.0 Iris-versicolor
Model = ClassId = Iris-versicolor
Mean Vector => 6.018421052631577 2.7921052631578953 4.3052631578947365 1.344736842105263 
StdDev Vector => 0.4988699140414604 0.29053632705863164 0.4436376950081372 0.18309814512419958 
PDF Score = 0.6762955099649977
------------------------------------------------------
Sample = 5.0 2.0 3.5 1.0 Iris-versicolor
Model = ClassId = Iris-virginica
Mean Vector => 6.6390243902439 2.982926829268292 5.580487804878048 2.014634146341463 
StdDev Vector => 0.6219081764158765 0.3215074546982259 0.5679314250064136 0.27898857010397665 
PDF Score = 0.03427011027799666
------------------------------------------------------
Sample = 5.0 2.0 3.5 1.0 Iris-versicolor
Model = ClassId = Iris-setosa
Mean Vector => 4.9975609756097565 3.426829268292683 1.4463414634146337 0.22926829268292678 
StdDev Vector => 0.34675344785459344 0.35887656023322334 0.17404451487718314 0.1017982280717522 
PDF Score = 1.1508892336009953
------------------------------------------------------
Predicted classId = Iris-setosa
========================================================================


=============================== 11 =====================================
Sample = 5.6 3.0 4.5 1.5 Iris-versicolor
Model = ClassId = Iris-versicolor
Mean Vector => 6.018421052631577 2.7921052631578953 4.3052631578947365 1.344736842105263 
StdDev Vector => 0.4988699140414604 0.29053632705863164 0.4436376950081372 0.18309814512419958 
PDF Score = 3.963033829974263
------------------------------------------------------
Sample = 5.6 3.0 4.5 1.5 Iris-versicolor
Model = ClassId = Iris-virginica
Mean Vector => 6.6390243902439 2.982926829268292 5.580487804878048 2.014634146341463 
StdDev Vector => 0.6219081764158765 0.3215074546982259 0.5679314250064136 0.27898857010397665 
PDF Score = 1.7738460354101129
------------------------------------------------------
Sample = 5.6 3.0 4.5 1.5 Iris-versicolor
Model = ClassId = Iris-setosa
Mean Vector => 4.9975609756097565 3.426829268292683 1.4463414634146337 0.22926829268292678 
StdDev Vector => 0.34675344785459344 0.35887656023322334 0.17404451487718314 0.1017982280717522 
PDF Score = 0.8023787723688991
------------------------------------------------------
Predicted classId = Iris-versicolor
========================================================================


=============================== 12 =====================================
Sample = 5.9 3.2 4.8 1.8 Iris-versicolor
Model = ClassId = Iris-versicolor
Mean Vector => 6.018421052631577 2.7921052631578953 4.3052631578947365 1.344736842105263 
StdDev Vector => 0.4988699140414604 0.29053632705863164 0.4436376950081372 0.18309814512419958 
PDF Score = 1.8718805234438165
------------------------------------------------------
Sample = 5.9 3.2 4.8 1.8 Iris-versicolor
Model = ClassId = Iris-virginica
Mean Vector => 6.6390243902439 2.982926829268292 5.580487804878048 2.014634146341463 
StdDev Vector => 0.6219081764158765 0.3215074546982259 0.5679314250064136 0.27898857010397665 
PDF Score = 2.64144288050636
------------------------------------------------------
Sample = 5.9 3.2 4.8 1.8 Iris-versicolor
Model = ClassId = Iris-setosa
Mean Vector => 4.9975609756097565 3.426829268292683 1.4463414634146337 0.22926829268292678 
StdDev Vector => 0.34675344785459344 0.35887656023322334 0.17404451487718314 0.1017982280717522 
PDF Score = 0.9492808611842249
------------------------------------------------------
Predicted classId = Iris-virginica
========================================================================


=============================== 13 =====================================
Sample = 6.1 2.8 4.0 1.3 Iris-versicolor
Model = ClassId = Iris-versicolor
Mean Vector => 6.018421052631577 2.7921052631578953 4.3052631578947365 1.344736842105263 
StdDev Vector => 0.4988699140414604 0.29053632705863164 0.4436376950081372 0.18309814512419958 
PDF Score = 4.986146347247773
------------------------------------------------------
Sample = 6.1 2.8 4.0 1.3 Iris-versicolor
Model = ClassId = Iris-virginica
Mean Vector => 6.6390243902439 2.982926829268292 5.580487804878048 2.014634146341463 
StdDev Vector => 0.6219081764158765 0.3215074546982259 0.5679314250064136 0.27898857010397665 
PDF Score = 1.5644203791482063
------------------------------------------------------
Sample = 6.1 2.8 4.0 1.3 Iris-versicolor
Model = ClassId = Iris-setosa
Mean Vector => 4.9975609756097565 3.426829268292683 1.4463414634146337 0.22926829268292678 
StdDev Vector => 0.34675344785459344 0.35887656023322334 0.17404451487718314 0.1017982280717522 
PDF Score = 0.24916889879445966
------------------------------------------------------
Predicted classId = Iris-versicolor
========================================================================


=============================== 14 =====================================
Sample = 6.1 2.8 4.7 1.2 Iris-versicolor
Model = ClassId = Iris-versicolor
Mean Vector => 6.018421052631577 2.7921052631578953 4.3052631578947365 1.344736842105263 
StdDev Vector => 0.4988699140414604 0.29053632705863164 0.4436376950081372 0.18309814512419958 
PDF Score = 4.361161607188747
------------------------------------------------------
Sample = 6.1 2.8 4.7 1.2 Iris-versicolor
Model = ClassId = Iris-virginica
Mean Vector => 6.6390243902439 2.982926829268292 5.580487804878048 2.014634146341463 
StdDev Vector => 0.6219081764158765 0.3215074546982259 0.5679314250064136 0.27898857010397665 
PDF Score = 1.7273605289496716
------------------------------------------------------
Sample = 6.1 2.8 4.7 1.2 Iris-versicolor
Model = ClassId = Iris-setosa
Mean Vector => 4.9975609756097565 3.426829268292683 1.4463414634146337 0.22926829268292678 
StdDev Vector => 0.34675344785459344 0.35887656023322334 0.17404451487718314 0.1017982280717522 
PDF Score = 0.24916889879445966
------------------------------------------------------
Predicted classId = Iris-versicolor
========================================================================


=============================== 15 =====================================
Sample = 6.3 2.3 4.4 1.3 Iris-versicolor
Model = ClassId = Iris-versicolor
Mean Vector => 6.018421052631577 2.7921052631578953 4.3052631578947365 1.344736842105263 
StdDev Vector => 0.4988699140414604 0.29053632705863164 0.4436376950081372 0.18309814512419958 
PDF Score = 4.002825698489793
------------------------------------------------------
Sample = 6.3 2.3 4.4 1.3 Iris-versicolor
Model = ClassId = Iris-virginica
Mean Vector => 6.6390243902439 2.982926829268292 5.580487804878048 2.014634146341463 
StdDev Vector => 0.6219081764158765 0.3215074546982259 0.5679314250064136 0.27898857010397665 
PDF Score = 0.8176736360042095
------------------------------------------------------
Sample = 6.3 2.3 4.4 1.3 Iris-versicolor
Model = ClassId = Iris-setosa
Mean Vector => 4.9975609756097565 3.426829268292683 1.4463414634146337 0.22926829268292678 
StdDev Vector => 0.34675344785459344 0.35887656023322334 0.17404451487718314 0.1017982280717522 
PDF Score = 0.009031775268222068
------------------------------------------------------
Predicted classId = Iris-versicolor
========================================================================


=============================== 16 =====================================
Sample = 5.6 3.0 4.1 1.3 Iris-versicolor
Model = ClassId = Iris-versicolor
Mean Vector => 6.018421052631577 2.7921052631578953 4.3052631578947365 1.344736842105263 
StdDev Vector => 0.4988699140414604 0.29053632705863164 0.4436376950081372 0.18309814512419958 
PDF Score = 4.5482753925188035
------------------------------------------------------
Sample = 5.6 3.0 4.1 1.3 Iris-versicolor
Model = ClassId = Iris-virginica
Mean Vector => 6.6390243902439 2.982926829268292 5.580487804878048 2.014634146341463 
StdDev Vector => 0.6219081764158765 0.3215074546982259 0.5679314250064136 0.27898857010397665 
PDF Score = 1.4752480291094725
------------------------------------------------------
Sample = 5.6 3.0 4.1 1.3 Iris-versicolor
Model = ClassId = Iris-setosa
Mean Vector => 4.9975609756097565 3.426829268292683 1.4463414634146337 0.22926829268292678 
StdDev Vector => 0.34675344785459344 0.35887656023322334 0.17404451487718314 0.1017982280717522 
PDF Score = 0.8023787723688991
------------------------------------------------------
Predicted classId = Iris-versicolor
========================================================================


=============================== 17 =====================================
Sample = 6.1 3.0 4.6 1.4 Iris-versicolor
Model = ClassId = Iris-versicolor
Mean Vector => 6.018421052631577 2.7921052631578953 4.3052631578947365 1.344736842105263 
StdDev Vector => 0.4988699140414604 0.29053632705863164 0.4436376950081372 0.18309814512419958 
PDF Score = 4.655049949300645
------------------------------------------------------
Sample = 6.1 3.0 4.6 1.4 Iris-versicolor
Model = ClassId = Iris-virginica
Mean Vector => 6.6390243902439 2.982926829268292 5.580487804878048 2.014634146341463 
StdDev Vector => 0.6219081764158765 0.3215074546982259 0.5679314250064136 0.27898857010397665 
PDF Score = 1.9642822332232956
------------------------------------------------------
Sample = 6.1 3.0 4.6 1.4 Iris-versicolor
Model = ClassId = Iris-setosa
Mean Vector => 4.9975609756097565 3.426829268292683 1.4463414634146337 0.22926829268292678 
StdDev Vector => 0.34675344785459344 0.35887656023322334 0.17404451487718314 0.1017982280717522 
PDF Score = 0.5553681430344465
------------------------------------------------------
Predicted classId = Iris-versicolor
========================================================================


=============================== 18 =====================================
Sample = 5.8 2.6 4.0 1.2 Iris-versicolor
Model = ClassId = Iris-versicolor
Mean Vector => 6.018421052631577 2.7921052631578953 4.3052631578947365 1.344736842105263 
StdDev Vector => 0.4988699140414604 0.29053632705863164 0.4436376950081372 0.18309814512419958 
PDF Score = 4.133974102345297
------------------------------------------------------
Sample = 5.8 2.6 4.0 1.2 Iris-versicolor
Model = ClassId = Iris-virginica
Mean Vector => 6.6390243902439 2.982926829268292 5.580487804878048 2.014634146341463 
StdDev Vector => 0.6219081764158765 0.3215074546982259 0.5679314250064136 0.27898857010397665 
PDF Score = 0.9034437189963559
------------------------------------------------------
Sample = 5.8 2.6 4.0 1.2 Iris-versicolor
Model = ClassId = Iris-setosa
Mean Vector => 4.9975609756097565 3.426829268292683 1.4463414634146337 0.22926829268292678 
StdDev Vector => 0.34675344785459344 0.35887656023322334 0.17404451487718314 0.1017982280717522 
PDF Score = 0.1572888897090882
------------------------------------------------------
Predicted classId = Iris-versicolor
========================================================================


=============================== 19 =====================================
Sample = 5.0 2.3 3.3 1.0 Iris-versicolor
Model = ClassId = Iris-versicolor
Mean Vector => 6.018421052631577 2.7921052631578953 4.3052631578947365 1.344736842105263 
StdDev Vector => 0.4988699140414604 0.29053632705863164 0.4436376950081372 0.18309814512419958 
PDF Score = 0.8658995886119774
------------------------------------------------------
Sample = 5.0 2.3 3.3 1.0 Iris-versicolor
Model = ClassId = Iris-virginica
Mean Vector => 6.6390243902439 2.982926829268292 5.580487804878048 2.014634146341463 
StdDev Vector => 0.6219081764158765 0.3215074546982259 0.5679314250064136 0.27898857010397665 
PDF Score = 0.1520490659460884
------------------------------------------------------
Sample = 5.0 2.3 3.3 1.0 Iris-versicolor
Model = ClassId = Iris-setosa
Mean Vector => 4.9975609756097565 3.426829268292683 1.4463414634146337 0.22926829268292678 
StdDev Vector => 0.34675344785459344 0.35887656023322334 0.17404451487718314 0.1017982280717522 
PDF Score = 1.1585164966787023
------------------------------------------------------
Predicted classId = Iris-setosa
========================================================================


=============================== 20 =====================================
Sample = 5.7 3.0 4.2 1.2 Iris-versicolor
Model = ClassId = Iris-versicolor
Mean Vector => 6.018421052631577 2.7921052631578953 4.3052631578947365 1.344736842105263 
StdDev Vector => 0.4988699140414604 0.29053632705863164 0.4436376950081372 0.18309814512419958 
PDF Score = 4.183765795527837
------------------------------------------------------
Sample = 5.7 3.0 4.2 1.2 Iris-versicolor
Model = ClassId = Iris-virginica
Mean Vector => 6.6390243902439 2.982926829268292 5.580487804878048 2.014634146341463 
StdDev Vector => 0.6219081764158765 0.3215074546982259 0.5679314250064136 0.27898857010397665 
PDF Score = 1.5010202188245532
------------------------------------------------------
Sample = 5.7 3.0 4.2 1.2 Iris-versicolor
Model = ClassId = Iris-setosa
Mean Vector => 4.9975609756097565 3.426829268292683 1.4463414634146337 0.22926829268292678 
StdDev Vector => 0.34675344785459344 0.35887656023322334 0.17404451487718314 0.1017982280717522 
PDF Score = 0.6958604013567037
------------------------------------------------------
Predicted classId = Iris-versicolor
========================================================================


=============================== 21 =====================================
Sample = 4.9 2.5 4.5 1.7 Iris-virginica
Model = ClassId = Iris-versicolor
Mean Vector => 6.018421052631577 2.7921052631578953 4.3052631578947365 1.344736842105263 
StdDev Vector => 0.4988699140414604 0.29053632705863164 0.4436376950081372 0.18309814512419958 
PDF Score = 2.041480859949721
------------------------------------------------------
Sample = 4.9 2.5 4.5 1.7 Iris-virginica
Model = ClassId = Iris-virginica
Mean Vector => 6.6390243902439 2.982926829268292 5.580487804878048 2.014634146341463 
StdDev Vector => 0.6219081764158765 0.3215074546982259 0.5679314250064136 0.27898857010397665 
PDF Score = 1.2865256920487858
------------------------------------------------------
Sample = 4.9 2.5 4.5 1.7 Iris-virginica
Model = ClassId = Iris-setosa
Mean Vector => 4.9975609756097565 3.426829268292683 1.4463414634146337 0.22926829268292678 
StdDev Vector => 0.34675344785459344 0.35887656023322334 0.17404451487718314 0.1017982280717522 
PDF Score = 1.1454545768916737
------------------------------------------------------
Predicted classId = Iris-versicolor
========================================================================


=============================== 22 =====================================
Sample = 6.7 2.5 5.8 1.8 Iris-virginica
Model = ClassId = Iris-versicolor
Mean Vector => 6.018421052631577 2.7921052631578953 4.3052631578947365 1.344736842105263 
StdDev Vector => 0.4988699140414604 0.29053632705863164 0.4436376950081372 0.18309814512419958 
PDF Score = 1.2449264052550808
------------------------------------------------------
Sample = 6.7 2.5 5.8 1.8 Iris-virginica
Model = ClassId = Iris-virginica
Mean Vector => 6.6390243902439 2.982926829268292 5.580487804878048 2.014634146341463 
StdDev Vector => 0.6219081764158765 0.3215074546982259 0.5679314250064136 0.27898857010397665 
PDF Score = 2.755545709377598
------------------------------------------------------
Sample = 6.7 2.5 5.8 1.8 Iris-virginica
Model = ClassId = Iris-setosa
Mean Vector => 4.9975609756097565 3.426829268292683 1.4463414634146337 0.22926829268292678 
StdDev Vector => 0.34675344785459344 0.35887656023322334 0.17404451487718314 0.1017982280717522 
PDF Score = 0.03960240975980118
------------------------------------------------------
Predicted classId = Iris-virginica
========================================================================


=============================== 23 =====================================
Sample = 6.9 3.2 5.7 2.3 Iris-virginica
Model = ClassId = Iris-versicolor
Mean Vector => 6.018421052631577 2.7921052631578953 4.3052631578947365 1.344736842105263 
StdDev Vector => 0.4988699140414604 0.29053632705863164 0.4436376950081372 0.18309814512419958 
PDF Score = 0.6867426040404374
------------------------------------------------------
Sample = 6.9 3.2 5.7 2.3 Iris-virginica
Model = ClassId = Iris-virginica
Mean Vector => 6.6390243902439 2.982926829268292 5.580487804878048 2.014634146341463 
StdDev Vector => 0.6219081764158765 0.3215074546982259 0.5679314250064136 0.27898857010397665 
PDF Score = 3.109913043449205
------------------------------------------------------
Sample = 6.9 3.2 5.7 2.3 Iris-virginica
Model = ClassId = Iris-setosa
Mean Vector => 4.9975609756097565 3.426829268292683 1.4463414634146337 0.22926829268292678 
StdDev Vector => 0.34675344785459344 0.35887656023322334 0.17404451487718314 0.1017982280717522 
PDF Score = 0.9103671210678875
------------------------------------------------------
Predicted classId = Iris-virginica
========================================================================


=============================== 24 =====================================
Sample = 6.4 2.8 5.6 2.2 Iris-virginica
Model = ClassId = Iris-versicolor
Mean Vector => 6.018421052631577 2.7921052631578953 4.3052631578947365 1.344736842105263 
StdDev Vector => 0.4988699140414604 0.29053632705863164 0.4436376950081372 0.18309814512419958 
PDF Score = 1.982243624899609
------------------------------------------------------
Sample = 6.4 2.8 5.6 2.2 Iris-virginica
Model = ClassId = Iris-virginica
Mean Vector => 6.6390243902439 2.982926829268292 5.580487804878048 2.014634146341463 
StdDev Vector => 0.6219081764158765 0.3215074546982259 0.5679314250064136 0.27898857010397665 
PDF Score = 3.499993230062006
------------------------------------------------------
Sample = 6.4 2.8 5.6 2.2 Iris-virginica
Model = ClassId = Iris-setosa
Mean Vector => 4.9975609756097565 3.426829268292683 1.4463414634146337 0.22926829268292678 
StdDev Vector => 0.34675344785459344 0.35887656023322334 0.17404451487718314 0.1017982280717522 
PDF Score = 0.2421472731464114
------------------------------------------------------
Predicted classId = Iris-virginica
========================================================================


=============================== 25 =====================================
Sample = 6.3 3.4 5.6 2.4 Iris-virginica
Model = ClassId = Iris-versicolor
Mean Vector => 6.018421052631577 2.7921052631578953 4.3052631578947365 1.344736842105263 
StdDev Vector => 0.4988699140414604 0.29053632705863164 0.4436376950081372 0.18309814512419958 
PDF Score = 0.8484957388833562
------------------------------------------------------
Sample = 6.3 3.4 5.6 2.4 Iris-virginica
Model = ClassId = Iris-virginica
Mean Vector => 6.6390243902439 2.982926829268292 5.580487804878048 2.014634146341463 
StdDev Vector => 0.6219081764158765 0.3215074546982259 0.5679314250064136 0.27898857010397665 
PDF Score = 2.3406922313328247
------------------------------------------------------
Sample = 6.3 3.4 5.6 2.4 Iris-virginica
Model = ClassId = Iris-setosa
Mean Vector => 4.9975609756097565 3.426829268292683 1.4463414634146337 0.22926829268292678 
StdDev Vector => 0.34675344785459344 0.35887656023322334 0.17404451487718314 0.1017982280717522 
PDF Score = 1.1095338155834753
------------------------------------------------------
Predicted classId = Iris-virginica
========================================================================


=============================== 26 =====================================
Sample = 6.9 3.1 5.4 2.1 Iris-virginica
Model = ClassId = Iris-versicolor
Mean Vector => 6.018421052631577 2.7921052631578953 4.3052631578947365 1.344736842105263 
StdDev Vector => 0.4988699140414604 0.29053632705863164 0.4436376950081372 0.18309814512419958 
PDF Score = 0.9942052248979311
------------------------------------------------------
Sample = 6.9 3.1 5.4 2.1 Iris-virginica
Model = ClassId = Iris-virginica
Mean Vector => 6.6390243902439 2.982926829268292 5.580487804878048 2.014634146341463 
StdDev Vector => 0.6219081764158765 0.3215074546982259 0.5679314250064136 0.27898857010397665 
PDF Score = 3.7810839276274404
------------------------------------------------------
Sample = 6.9 3.1 5.4 2.1 Iris-virginica
Model = ClassId = Iris-setosa
Mean Vector => 4.9975609756097565 3.426829268292683 1.4463414634146337 0.22926829268292678 
StdDev Vector => 0.34675344785459344 0.35887656023322334 0.17404451487718314 0.1017982280717522 
PDF Score = 0.734291267978357
------------------------------------------------------
Predicted classId = Iris-virginica
========================================================================


=============================== 27 =====================================
Sample = 5.8 2.7 5.1 1.9 Iris-virginica
Model = ClassId = Iris-versicolor
Mean Vector => 6.018421052631577 2.7921052631578953 4.3052631578947365 1.344736842105263 
StdDev Vector => 0.4988699140414604 0.29053632705863164 0.4436376950081372 0.18309814512419958 
PDF Score = 2.2350957983099162
------------------------------------------------------
Sample = 5.8 2.7 5.1 1.9 Iris-virginica
Model = ClassId = Iris-virginica
Mean Vector => 6.6390243902439 2.982926829268292 5.580487804878048 2.014634146341463 
StdDev Vector => 0.6219081764158765 0.3215074546982259 0.5679314250064136 0.27898857010397665 
PDF Score = 2.9059999632335343
------------------------------------------------------
Sample = 5.8 2.7 5.1 1.9 Iris-virginica
Model = ClassId = Iris-setosa
Mean Vector => 4.9975609756097565 3.426829268292683 1.4463414634146337 0.22926829268292678 
StdDev Vector => 0.34675344785459344 0.35887656023322334 0.17404451487718314 0.1017982280717522 
PDF Score = 0.22204691208832467
------------------------------------------------------
Predicted classId = Iris-virginica
========================================================================


=============================== 28 =====================================
Sample = 6.8 3.2 5.9 2.3 Iris-virginica
Model = ClassId = Iris-versicolor
Mean Vector => 6.018421052631577 2.7921052631578953 4.3052631578947365 1.344736842105263 
StdDev Vector => 0.4988699140414604 0.29053632705863164 0.4436376950081372 0.18309814512419958 
PDF Score = 0.7483027555880011
------------------------------------------------------
Sample = 6.8 3.2 5.9 2.3 Iris-virginica
Model = ClassId = Iris-virginica
Mean Vector => 6.6390243902439 2.982926829268292 5.580487804878048 2.014634146341463 
StdDev Vector => 0.6219081764158765 0.3215074546982259 0.5679314250064136 0.27898857010397665 
PDF Score = 3.0554127496765244
------------------------------------------------------
Sample = 6.8 3.2 5.9 2.3 Iris-virginica
Model = ClassId = Iris-setosa
Mean Vector => 4.9975609756097565 3.426829268292683 1.4463414634146337 0.22926829268292678 
StdDev Vector => 0.34675344785459344 0.35887656023322334 0.17404451487718314 0.1017982280717522 
PDF Score = 0.9103683483286303
------------------------------------------------------
Predicted classId = Iris-virginica
========================================================================


=============================== 29 =====================================
Sample = 6.5 3.0 5.2 2.0 Iris-virginica
Model = ClassId = Iris-versicolor
Mean Vector => 6.018421052631577 2.7921052631578953 4.3052631578947365 1.344736842105263 
StdDev Vector => 0.4988699140414604 0.29053632705863164 0.4436376950081372 0.18309814512419958 
PDF Score = 1.6860900159534975
------------------------------------------------------
Sample = 6.5 3.0 5.2 2.0 Iris-virginica
Model = ClassId = Iris-virginica
Mean Vector => 6.6390243902439 2.982926829268292 5.580487804878048 2.014634146341463 
StdDev Vector => 0.6219081764158765 0.3215074546982259 0.5679314250064136 0.27898857010397665 
PDF Score = 3.8539877452323186
------------------------------------------------------
Sample = 6.5 3.0 5.2 2.0 Iris-virginica
Model = ClassId = Iris-setosa
Mean Vector => 4.9975609756097565 3.426829268292683 1.4463414634146337 0.22926829268292678 
StdDev Vector => 0.34675344785459344 0.35887656023322334 0.17404451487718314 0.1017982280717522 
PDF Score = 0.5481202271468362
------------------------------------------------------
Predicted classId = Iris-virginica
========================================================================
Accuracy Percentage = 83.33333333333334 % 



 ############################  CLUSTERING  ###################################

 
 Centroid = 4.9975609756097565 3.426829268292683 1.4463414634146337 0.22926829268292678  memberSize = 41
 Centroid = 5.981249999999999 2.766666666666667 4.445833333333334 1.4604166666666663  memberSize = 48
 Centroid = 6.896774193548387 3.0838709677419343 5.774193548387096 2.051612903225806  memberSize = 31
 For number of clusters = 3 Cost = 77.95987570605628
